[2026-03-13 04:38 UTC] Pre-flight System Check Report

CRITICAL ISSUES DETECTED:
1. WooCommerce API Authentication Failure
   - Error Code: woocommerce_rest_cannot_view
   - Status: 401 Unauthorized
   - Impact: Unable to access product data and order management

PERFORMANCE METRICS:
1. Response Times
   - Main site: 1.53s (PASS: < 2s threshold)
   - API endpoints: Unable to test (FAIL: Authentication required)

2. Rate Limits: Unable to check (Authentication required)
3. Cache Age: Unable to verify (Authentication required)
4. Data Integrity: Unable to validate (Authentication required)

RECOVERY RECOMMENDATIONS:
1. Immediate Actions:
   - Verify WooCommerce REST API credentials in wp-config.php
   - Check API user permissions in WordPress admin
   - Regenerate API keys if necessary

2. Backup Systems:
   - Manual order processing may be required until resolved
   - Monitor order inbox for direct notifications

ERROR RATE: Unable to calculate (Authentication required)

This incident requires immediate attention from the development team to restore automated operations.